
   Program  MARK  - Survival Rate Estimation with Capture-Recapture Data
   gfortran(dble) Vers. 9.0 Jan 2019     3-Sep-2021 08:34:13    Page  001
 - - - - - - - - - - - - - - - - - - - - - - - - - - - - - - - - - - - - - -
 
   This version was compiled by GCC version 9.2.0 using the options: 
     -cpp -iprefix c:\tdm-gcc-64\gcc64\gcc\bin\../lib/gcc/x86_64-w64-mingw32/9.2.0/
     -D_MT -U_REENTRANT -D IEEE -D DBLEPRECISION -m64 -mtune=generic -march=x86-64
     -mthreads -O2 -fimplicit-none -fbounds-check -funroll-loops -ftree-vectorize
     -ffpe-summary=invalid,zero,overflow,underflow -fno-unsafe-math-optimizations
     -frounding-math -fsignaling-nans -fopenmp.

   This problem will use 11 of 12 possible threads.


  INPUT --- proc title ;

   CPU Time for the last procedure was 0.01 seconds.     


  INPUT --- proc chmatrix occasions= 7 groups= 1 etype= Live Nodes= 101 
  INPUT --- ICMeans NoHist hist= 32 ;

  INPUT ---    time interval 1 1 1 1 1 1 ;

  INPUT ---    glabel(1)=Group 1;

      Number of unique encounter histories read was 32.

      Number of individual covariates read was 0.
      Time interval lengths are all equal to 1.

      Data type number is 1
      Data type is Live Recaptures (CJS)                                                                               

   CPU Time for the last procedure was 0.01 seconds.     

  Program  MARK  - Survival Rate Estimation with Capture-Recapture Data
   gfortran(dble) Vers. 9.0 Jan 2019     3-Sep-2021 08:34:13    Page  002
 - - - - - - - - - - - - - - - - - - - - - - - - - - - - - - - - - - - - - -
 


  INPUT --- proc estimate link=Logit NOLOOP varest=2ndPart    ;


  INPUT --- model={ Phi(~1)p(~1) };

  INPUT ---    group=1 Phi    rows=6 cols=6 Triang ;
  INPUT ---        1 1 1 1 1 1 ;
  INPUT ---        1 1 1 1 1 ;
  INPUT ---        1 1 1 1 ;
  INPUT ---        1 1 1 ;
  INPUT ---        1 1 ;
  INPUT ---        1 ;

  INPUT ---    group=1 p    rows=6 cols=6 Triang ;
  INPUT ---        2 2 2 2 2 2 ;
  INPUT ---        2 2 2 2 2 ;
  INPUT ---        2 2 2 2 ;
  INPUT ---        2 2 2 ;
  INPUT ---        2 2 ;
  INPUT ---        2 ;

  INPUT ---    design matrix constraints=2 covariates=2 identity;
  INPUT ---       blabel(1)=Phi:(Intercept);
  INPUT ---       blabel(2)=p:(Intercept);
  INPUT ---       rlabel(1)=Phi g1 c1 a0 t1;
  INPUT ---       rlabel(2)=p g1 c1 a1 t2;

 Link Function Used is LOGIT        

 Variance Estimation Procedure Used is 2ndPart 
 -2logL(saturated) = 608.67978     
 Effective Sample Size = 426

 Number of function evaluations was 11 for 2 parameters.
 CPU Time for numerical optimization was 0.01 seconds.     
 -2logL { Phi(~1)p(~1) } = 666.83766     
 Penalty { Phi(~1)p(~1) } = 0.0000000     
 Gradient { Phi(~1)p(~1) }:
 -0.6142096E-05 -0.2364775E-05
 Maximum ABS(G) { Phi(~1)p(~1) } = 0.6142096E-05 
 CPU Time to compute VC matrix was 0.01 seconds.     
 S Vector { Phi(~1)p(~1) }:
   103.5941      9.394115    
 CPU Time to invert VC matrix was 0.01 seconds.     
 Gap Method for Num. of Estimated Parameters { Phi(~1)p(~1) } = 2          
 Threshold { Phi(~1)p(~1) } = 0.1228419E-04                 
 Numerical Threshold Method for Num. of Estimated Parameters { Phi(~1)p(~1) } = 2          
 Number of Estimated Parameters { Phi(~1)p(~1) } = 2          
 DEVIANCE { Phi(~1)p(~1) } = 58.157883                     
 DEVIANCE Degrees of Freedom { Phi(~1)p(~1) } = 23            
 c-hat { Phi(~1)p(~1) } = 2.5286036                     
 AIC { Phi(~1)p(~1) } = 670.83766                  
 AICc { Phi(~1)p(~1) } = 670.86603                    
 BIC { Phi(~1)p(~1) } = 678.94654                    
 Pearson Chisquare { Phi(~1)p(~1) } = 120.23566                  
 Possible Encounter Histories { Phi(~1)p(~1) } = 126             
 Pearson Chisquare df { Phi(~1)p(~1) } = 118        
 Pearson chat { Phi(~1)p(~1) } = 1.0189462                  
 Sum(Observed/Expected) { Phi(~1)p(~1) } = 99.843239                  
 s-bar { Phi(~1)p(~1) } = -0.2179730                 
 Fletcher chat { Phi(~1)p(~1) } = 1.3029553                  

  Program  MARK  - Survival Rate Estimation with Capture-Recapture Data
   gfortran(dble) Vers. 9.0 Jan 2019     3-Sep-2021 08:34:13    Page  003
 - - - - - - - - - - - - - - - - - - - - - - - - - - - - - - - - - - - - - -
 


                       LOGIT Link Function Parameters of { Phi(~1)p(~1) }
                                                              95% Confidence Interval
 Parameter                    Beta         Standard Error      Lower           Upper
 -------------------------  --------------  --------------  --------------  --------------
    1:Phi:(Intercept)        0.2421484       0.1020127       0.0422034       0.4420933    
    2:p:(Intercept)          2.2262660       0.3251093       1.5890516       2.8634803    


                       Real Function Parameters of { Phi(~1)p(~1) }
                                                               95% Confidence Interval
  Parameter                  Estimate       Standard Error      Lower           Upper
 --------------------------  --------------  --------------  --------------  --------------
     1:Phi g1 c1 a0 t1        0.5602430       0.0251330       0.5105493       0.6087577                          
     2:p g1 c1 a1 t2          0.9025835       0.0285857       0.8304826       0.9460113                          

   CPU Time for the last procedure was 0.02 seconds.     

  Program  MARK  - Survival Rate Estimation with Capture-Recapture Data
   gfortran(dble) Vers. 9.0 Jan 2019     3-Sep-2021 08:34:13    Page  004
 - - - - - - - - - - - - - - - - - - - - - - - - - - - - - - - - - - - - - -
 


  INPUT --- proc stop;

     CPU Time in minutes for this job was 0.00

     Time Start = 08:34:13.427   Time End = 08:34:13.441

     Wall Clock Time in minutes for this job was 0.00


          E X E C U T I O N   S U C C E S S F U L 
