
   Program  MARK  - Survival Rate Estimation with Capture-Recapture Data
   gfortran(dble) Vers. 9.0 Jan 2019     3-Sep-2021 08:34:53    Page  001
 - - - - - - - - - - - - - - - - - - - - - - - - - - - - - - - - - - - - - -
 
   This version was compiled by GCC version 9.2.0 using the options: 
     -cpp -iprefix c:\tdm-gcc-64\gcc64\gcc\bin\../lib/gcc/x86_64-w64-mingw32/9.2.0/
     -D_MT -U_REENTRANT -D IEEE -D DBLEPRECISION -m64 -mtune=generic -march=x86-64
     -mthreads -O2 -fimplicit-none -fbounds-check -funroll-loops -ftree-vectorize
     -ffpe-summary=invalid,zero,overflow,underflow -fno-unsafe-math-optimizations
     -frounding-math -fsignaling-nans -fopenmp.

   This problem will use 11 of 12 possible threads.


  INPUT --- proc title ;

   CPU Time for the last procedure was 0.01 seconds.     


  INPUT --- proc chmatrix occasions= 4 groups= 1 etype= Live Nodes= 101 
  INPUT --- ICMeans NoHist hist= 8 ;

  INPUT ---    time interval 1 1 1 ;

  INPUT ---    glabel(1)=Group 1;

      Number of unique encounter histories read was 8.

      Number of individual covariates read was 0.
      Time interval lengths are all equal to 1.

      Data type number is 1
      Data type is Live Recaptures (CJS)                                                                               

   CPU Time for the last procedure was 0.01 seconds.     

  Program  MARK  - Survival Rate Estimation with Capture-Recapture Data
   gfortran(dble) Vers. 9.0 Jan 2019     3-Sep-2021 08:34:53    Page  002
 - - - - - - - - - - - - - - - - - - - - - - - - - - - - - - - - - - - - - -
 


  INPUT --- proc estimate link=Logit NOLOOP varest=2ndPart    ;


  INPUT --- model={ Phi(~1)p(~1) };

  INPUT ---    group=1 Phi    rows=3 cols=3 Triang ;
  INPUT ---        1 1 1 ;
  INPUT ---        1 1 ;
  INPUT ---        1 ;

  INPUT ---    group=1 p    rows=3 cols=3 Triang ;
  INPUT ---        2 2 2 ;
  INPUT ---        2 2 ;
  INPUT ---        2 ;

  INPUT ---    design matrix constraints=2 covariates=2 identity;
  INPUT ---       blabel(1)=Phi:(Intercept);
  INPUT ---       blabel(2)=p:(Intercept);
  INPUT ---       rlabel(1)=Phi g1 c1 a0 t1;
  INPUT ---       rlabel(2)=p g1 c1 a1 t2;

 Link Function Used is LOGIT        

 Variance Estimation Procedure Used is 2ndPart 
 -2logL(saturated) = 4467.8873     
 Effective Sample Size = 2855

 Number of function evaluations was 10 for 2 parameters.
 CPU Time for numerical optimization was 0.01 seconds.     
 -2logL { Phi(~1)p(~1) } = 4526.8937     
 Penalty { Phi(~1)p(~1) } = 0.0000000     
 Gradient { Phi(~1)p(~1) }:
   0.000000     -0.2607647E-04
 Maximum ABS(G) { Phi(~1)p(~1) } = 0.2607647E-04 
 CPU Time to compute VC matrix was 0.03 seconds.     
 S Vector { Phi(~1)p(~1) }:
   664.0739      51.95081    
 CPU Time to invert VC matrix was 0.01 seconds.     
 Gap Method for Num. of Estimated Parameters { Phi(~1)p(~1) } = 2          
 Threshold { Phi(~1)p(~1) } = 0.5215295E-04                 
 Numerical Threshold Method for Num. of Estimated Parameters { Phi(~1)p(~1) } = 2          
 Number of Estimated Parameters { Phi(~1)p(~1) } = 2          
 DEVIANCE { Phi(~1)p(~1) } = 59.006363                     
 DEVIANCE Degrees of Freedom { Phi(~1)p(~1) } = 5            
 c-hat { Phi(~1)p(~1) } = 11.801273                     
 AIC { Phi(~1)p(~1) } = 4530.8937                  
 AICc { Phi(~1)p(~1) } = 4530.8979                    
 BIC { Phi(~1)p(~1) } = 4542.8073                    
 Pearson Chisquare { Phi(~1)p(~1) } = 60.114332                  
 Possible Encounter Histories { Phi(~1)p(~1) } = 8             
 Pearson Chisquare df { Phi(~1)p(~1) } = 5        
 Pearson chat { Phi(~1)p(~1) } = 12.022866                  
 Sum(Observed/Expected) { Phi(~1)p(~1) } = 9.2067062                  
 s-bar { Phi(~1)p(~1) } = 0.1723866                  
 Fletcher chat { Phi(~1)p(~1) } = 10.255036                  


                       LOGIT Link Function Parameters of { Phi(~1)p(~1) }
                                                              95% Confidence Interval
 Parameter                    Beta         Standard Error      Lower           Upper
 -------------------------  --------------  --------------  --------------  --------------
    1:Phi:(Intercept)        0.8419493       0.1154542       0.6156591       1.0682395    

  Program  MARK  - Survival Rate Estimation with Capture-Recapture Data
   gfortran(dble) Vers. 9.0 Jan 2019     3-Sep-2021 08:34:53    Page  003
 - - - - - - - - - - - - - - - - - - - - - - - - - - - - - - - - - - - - - -
 
    2:p:(Intercept)         -1.3406215       0.0861694      -1.5095136      -1.1717294    


                       Real Function Parameters of { Phi(~1)p(~1) }
                                                               95% Confidence Interval
  Parameter                  Estimate       Standard Error      Lower           Upper
 --------------------------  --------------  --------------  --------------  --------------
     1:Phi g1 c1 a0 t1        0.6988756       0.0242972       0.6492306       0.7442620                          
     2:p g1 c1 a1 t2          0.2074079       0.0141654       0.1810109       0.2365425                          

   CPU Time for the last procedure was 0.03 seconds.     


  INPUT --- proc stop;

     CPU Time in minutes for this job was 0.00

     Time Start = 08:34:53.822   Time End = 08:34:53.833

     Wall Clock Time in minutes for this job was 0.00


          E X E C U T I O N   S U C C E S S F U L 
